C51 COMPILER V9.59.0.0   DELAY                                                             07/01/2020 15:24:24 PAGE 1   


C51 COMPILER V9.59.0.0, COMPILATION OF MODULE DELAY
OBJECT MODULE PLACED IN ..\Output\delay.obj
COMPILER INVOKED BY: C:\Keil_v5\C51\BIN\C51.EXE ..\Lib\delay.c LARGE OPTIMIZE(8,SPEED) BROWSE INCDIR(..\Lib;..\inc;..\Pr
                    -oject) DEBUG OBJECTEXTEND PRINT(..\Output\delay.lst) TABS(2) OBJECT(..\Output\delay.obj)

line level    source

   1          
   2          #include  "delay.h"
   3          //========================================================================
   4          // 函数: void  delay_ms(unsigned char ms)
   5          // 描述: 延时函数。
   6          // 参数: ms,要延时的ms数, 这里只支持1~255ms. 自动适应主时钟.
   7          // 返回: none.
   8          // 版本: VER1.0
   9          // 日期: 2013-4-1
  10          // 备注: 
  11          //========================================================================
  12          void  delay_ms(unsigned char ms)
  13          {
  14   1           unsigned int  i;
  15   1           do
  16   1           {
  17   2              i = MAIN_Fosc / 13000;
  18   2              while(--i)  ;   //14T per loop
  19   2           }
  20   1           while(--ms);
  21   1      }
  22          
  23          void Delay5us(void)
  24          {
  25   1        uint16  j,i;   
  26   1        for(j=0;j<2;j++)   
  27   1        {    
  28   2          for(i=0;i<7;i++);   
  29   2        }  
  30   1      }
  31          
  32          


MODULE INFORMATION:   STATIC OVERLAYABLE
   CODE SIZE        =     45    ----
   CONSTANT SIZE    =   ----    ----
   XDATA SIZE       =   ----    ----
   PDATA SIZE       =   ----    ----
   DATA SIZE        =   ----    ----
   IDATA SIZE       =   ----    ----
   BIT SIZE         =   ----    ----
END OF MODULE INFORMATION.


C51 COMPILATION COMPLETE.  0 WARNING(S),  0 ERROR(S)
